<?xml version="1.0" encoding="UTF-8"?>
<!-- Generated by org.testng.reporters.JUnitReportReporter -->
<testsuite hostname="LAPTOP-0QND3QEA" failures="0" tests="2" name="testfile.HomeTest" time="33.657" errors="0" timestamp="2025-01-14T21:43:34 IST" skipped="0">
  <testcase classname="testfile.HomeTest" name="verifyUserIsAbletoLogOut" time="13.404"/>
  <testcase classname="testfile.HomeTest" name="beforeMethod" time="20.253"/>
</testsuite> <!-- testfile.HomeTest -->
