<?xml version="1.0" encoding="UTF-8"?>
<!-- Generated by org.testng.reporters.JUnitReportReporter -->
<testsuite hostname="LAPTOP-0QND3QEA" failures="0" tests="1" name="testfile.CategoryTest" time="23.041" errors="0" timestamp="2025-01-21T20:59:05 IST" skipped="0">
  <testcase classname="testfile.CategoryTest" name="verifyNewCategoryCreaation" time="23.041"/>
</testsuite> <!-- testfile.CategoryTest -->
