<?xml version="1.0" encoding="UTF-8"?>
<!-- Generated by org.testng.reporters.JUnitReportReporter -->
<testsuite hostname="LAPTOP-0QND3QEA" failures="0" tests="1" name="testfile.AdminUserTest" time="33.120" errors="0" timestamp="2025-01-21T21:14:22 IST" skipped="0">
  <testcase classname="testfile.AdminUserTest" name="newAdminUserCreation" time="33.120"/>
</testsuite> <!-- testfile.AdminUserTest -->
