<?xml version="1.0" encoding="UTF-8"?>
<!-- Generated by org.testng.reporters.JUnitReportReporter -->
<testsuite hostname="LAPTOP-0QND3QEA" failures="0" tests="1" name="testfile.CategoryTest" time="26.533" errors="0" timestamp="2025-01-28T20:57:56 IST" skipped="0">
  <testcase classname="testfile.CategoryTest" name="verifyNewCategoryCreaation" time="26.533"/>
</testsuite> <!-- testfile.CategoryTest -->
