<?xml version="1.0" encoding="UTF-8"?>
<!-- Generated by org.testng.reporters.JUnitReportReporter -->
<testsuite hostname="LAPTOP-0QND3QEA" failures="0" tests="1" name="testfile.LoginTest" time="19.429" errors="0" timestamp="2025-01-20T21:02:12 IST" skipped="0">
  <testcase classname="testfile.LoginTest" name="verifyCorrectUsernameAndInvalidPassword" time="19.429"/>
</testsuite> <!-- testfile.LoginTest -->
